<?xml version="1.0" encoding="UTF-8"?>
<!-- Generated by org.testng.reporters.JUnitReportReporter -->
<testsuite skipped="0" hostname="DESKTOP-PJSOCTU" name="com.actitime.users.createuser" tests="1" failures="0" timestamp="24 Feb 2021 14:47:38 GMT" time="11.713" errors="0">
  <testcase name="createusertest" time="11.713" classname="com.actitime.users.createuser"/>
</testsuite> <!-- com.actitime.users.createuser -->
